<?xml version="1.0" encoding="UTF-8"?>
<testng-results ignored="1" total="7" passed="6" failed="0" skipped="0">
  <reporter-output>
  </reporter-output>
  <suite started-at="2022-04-22T20:19:53 IST" name="Default suite" finished-at="2022-04-22T20:19:53 IST" duration-ms="79">
    <groups>
    </groups>
    <test started-at="2022-04-22T20:19:53 IST" name="Default test" finished-at="2022-04-22T20:19:53 IST" duration-ms="79">
      <class name="SeleniAuto.testNGkeyword">
        <test-method is-config="true" signature="beforeClass()[pri:0, instance:SeleniAuto.testNGkeyword@5a63f509]" started-at="2022-04-22T20:19:53 IST" name="beforeClass" finished-at="2022-04-22T20:19:53 IST" duration-ms="8" status="PASS">
          <reporter-output>
          </reporter-output>
        </test-method> <!-- beforeClass -->
        <test-method is-config="true" signature="beforeMethod()[pri:0, instance:SeleniAuto.testNGkeyword@5a63f509]" started-at="2022-04-22T20:19:53 IST" name="beforeMethod" finished-at="2022-04-22T20:19:53 IST" duration-ms="0" status="PASS">
          <reporter-output>
          </reporter-output>
        </test-method> <!-- beforeMethod -->
        <test-method signature="testC()[pri:-2, instance:SeleniAuto.testNGkeyword@5a63f509]" started-at="2022-04-22T20:19:53 IST" name="testC" finished-at="2022-04-22T20:19:53 IST" duration-ms="8" status="PASS">
          <reporter-output>
          </reporter-output>
        </test-method> <!-- testC -->
        <test-method is-config="true" signature="afterMethod()[pri:0, instance:SeleniAuto.testNGkeyword@5a63f509]" started-at="2022-04-22T20:19:53 IST" name="afterMethod" finished-at="2022-04-22T20:19:53 IST" duration-ms="0" status="PASS">
          <reporter-output>
          </reporter-output>
        </test-method> <!-- afterMethod -->
        <test-method signature="login()[pri:-1, instance:SeleniAuto.testNGkeyword@5a63f509]" started-at="2022-04-22T20:19:53 IST" name="login" finished-at="2022-04-22T20:19:53 IST" duration-ms="1" status="PASS">
          <reporter-output>
          </reporter-output>
        </test-method> <!-- login -->
        <test-method is-config="true" signature="beforeMethod()[pri:0, instance:SeleniAuto.testNGkeyword@5a63f509]" started-at="2022-04-22T20:19:53 IST" name="beforeMethod" finished-at="2022-04-22T20:19:53 IST" duration-ms="0" status="PASS">
          <reporter-output>
          </reporter-output>
        </test-method> <!-- beforeMethod -->
        <test-method is-config="true" signature="afterMethod()[pri:0, instance:SeleniAuto.testNGkeyword@5a63f509]" started-at="2022-04-22T20:19:53 IST" name="afterMethod" finished-at="2022-04-22T20:19:53 IST" duration-ms="1" status="PASS">
          <reporter-output>
          </reporter-output>
        </test-method> <!-- afterMethod -->
        <test-method is-config="true" signature="beforeMethod()[pri:0, instance:SeleniAuto.testNGkeyword@5a63f509]" started-at="2022-04-22T20:19:53 IST" name="beforeMethod" finished-at="2022-04-22T20:19:53 IST" duration-ms="0" status="PASS">
          <reporter-output>
          </reporter-output>
        </test-method> <!-- beforeMethod -->
        <test-method signature="homepage()[pri:0, instance:SeleniAuto.testNGkeyword@5a63f509]" started-at="2022-04-22T20:19:53 IST" name="homepage" finished-at="2022-04-22T20:19:53 IST" depends-on-methods="SeleniAuto.testNGkeyword.login" duration-ms="1" status="PASS">
          <reporter-output>
          </reporter-output>
        </test-method> <!-- homepage -->
        <test-method is-config="true" signature="afterMethod()[pri:0, instance:SeleniAuto.testNGkeyword@5a63f509]" started-at="2022-04-22T20:19:53 IST" name="afterMethod" finished-at="2022-04-22T20:19:53 IST" duration-ms="1" status="PASS">
          <reporter-output>
          </reporter-output>
        </test-method> <!-- afterMethod -->
        <test-method is-config="true" signature="beforeMethod()[pri:0, instance:SeleniAuto.testNGkeyword@5a63f509]" started-at="2022-04-22T20:19:53 IST" name="beforeMethod" finished-at="2022-04-22T20:19:53 IST" duration-ms="1" status="PASS">
          <reporter-output>
          </reporter-output>
        </test-method> <!-- beforeMethod -->
        <test-method signature="testB()[pri:0, instance:SeleniAuto.testNGkeyword@5a63f509]" started-at="2022-04-22T20:19:53 IST" name="testB" finished-at="2022-04-22T20:19:53 IST" duration-ms="1" status="PASS">
          <reporter-output>
          </reporter-output>
        </test-method> <!-- testB -->
        <test-method is-config="true" signature="beforeMethod()[pri:0, instance:SeleniAuto.testNGkeyword@5a63f509]" started-at="2022-04-22T20:19:53 IST" name="beforeMethod" finished-at="2022-04-22T20:19:53 IST" duration-ms="0" status="PASS">
          <reporter-output>
          </reporter-output>
        </test-method> <!-- beforeMethod -->
        <test-method is-config="true" signature="afterMethod()[pri:0, instance:SeleniAuto.testNGkeyword@5a63f509]" started-at="2022-04-22T20:19:53 IST" name="afterMethod" finished-at="2022-04-22T20:19:53 IST" duration-ms="0" status="PASS">
          <reporter-output>
          </reporter-output>
        </test-method> <!-- afterMethod -->
        <test-method signature="testB()[pri:0, instance:SeleniAuto.testNGkeyword@5a63f509]" started-at="2022-04-22T20:19:53 IST" name="testB" finished-at="2022-04-22T20:19:53 IST" duration-ms="1" status="PASS">
          <reporter-output>
          </reporter-output>
        </test-method> <!-- testB -->
        <test-method is-config="true" signature="afterMethod()[pri:0, instance:SeleniAuto.testNGkeyword@5a63f509]" started-at="2022-04-22T20:19:53 IST" name="afterMethod" finished-at="2022-04-22T20:19:53 IST" duration-ms="0" status="PASS">
          <reporter-output>
          </reporter-output>
        </test-method> <!-- afterMethod -->
        <test-method is-config="true" signature="beforeMethod()[pri:0, instance:SeleniAuto.testNGkeyword@5a63f509]" started-at="2022-04-22T20:19:53 IST" name="beforeMethod" finished-at="2022-04-22T20:19:53 IST" duration-ms="0" status="PASS">
          <reporter-output>
          </reporter-output>
        </test-method> <!-- beforeMethod -->
        <test-method signature="testB()[pri:0, instance:SeleniAuto.testNGkeyword@5a63f509]" started-at="2022-04-22T20:19:53 IST" name="testB" finished-at="2022-04-22T20:19:53 IST" duration-ms="1" status="PASS">
          <reporter-output>
          </reporter-output>
        </test-method> <!-- testB -->
        <test-method is-config="true" signature="afterMethod()[pri:0, instance:SeleniAuto.testNGkeyword@5a63f509]" started-at="2022-04-22T20:19:53 IST" name="afterMethod" finished-at="2022-04-22T20:19:53 IST" duration-ms="1" status="PASS">
          <reporter-output>
          </reporter-output>
        </test-method> <!-- afterMethod -->
        <test-method is-config="true" signature="afterClass()[pri:0, instance:SeleniAuto.testNGkeyword@5a63f509]" started-at="2022-04-22T20:19:53 IST" name="afterClass" finished-at="2022-04-22T20:19:53 IST" duration-ms="0" status="PASS">
          <reporter-output>
          </reporter-output>
        </test-method> <!-- afterClass -->
      </class> <!-- SeleniAuto.testNGkeyword -->
    </test> <!-- Default test -->
  </suite> <!-- Default suite -->
</testng-results>
