<?xml version="1.0" encoding="UTF-8"?>
<!-- Generated by org.testng.reporters.JUnitXMLReporter -->
<testsuite ignored="1" hostname="LAPTOP-ETFT24G3" failures="0" tests="6" name="Default test" time="0.079" errors="0" timestamp="2022-04-22T20:19:53 IST">
  <testcase classname="SeleniAuto.testNGkeyword" name="testC" time="0.008"/>
  <testcase classname="SeleniAuto.testNGkeyword" name="login" time="0.001"/>
  <testcase classname="SeleniAuto.testNGkeyword" name="homepage" time="0.001"/>
  <testcase classname="SeleniAuto.testNGkeyword" name="testB" time="0.001"/>
  <testcase classname="SeleniAuto.testNGkeyword" name="testB" time="0.001"/>
  <testcase classname="SeleniAuto.testNGkeyword" name="testB" time="0.001"/>
  <testcase classname="SeleniAuto.testNGkeyword" name="testA" time="0.0">
    <ignored/>
  </testcase> <!-- testA -->
</testsuite> <!-- Default test -->
